<?xml version="1.0"?><coverage lines-covered="694" lines-valid="1935" line-rate="0.358656330749354" branches-covered="0" branches-valid="0" branch-rate="0" complexity="0" version="1.9" timestamp="1766074873"><sources><source>/workspaces/furnace</source></sources><packages><package name="src" line-rate="0.3767643865363735" branch-rate="0" complexity="0"><classes><class name="colors" filename="src/colors.rs" line-rate="0.6790123456790124" branch-rate="0" complexity="0"><methods/><lines><line number="23" hits="5"/><line number="24" hits="5"/><line number="26" hits="5"/><line number="27" hits="2"/><line number="30" hits="7"/><line number="31" hits="5"/><line number="32" hits="5"/><line number="34" hits="5"/><line number="39" hits="2"/><line number="43" hits="2"/><line number="44" hits="2"/><line number="49" hits="2"/><line number="53" hits="2"/><line number="54" hits="2"/><line number="59" hits="2"/><line number="63" hits="2"/><line number="64" hits="2"/><line number="91" hits="1"/><line number="98" hits="2"/><line number="101" hits="2"/><line number="104" hits="2"/><line number="112" hits="0"/><line number="119" hits="0"/><line number="126" hits="1"/><line number="132" hits="1"/><line number="140" hits="0"/><line number="141" hits="0"/><line number="146" hits="2"/><line number="147" hits="2"/><line number="180" hits="0"/><line number="201" hits="10"/><line number="209" hits="5"/><line number="210" hits="5"/><line number="211" hits="10"/><line number="212" hits="10"/><line number="213" hits="10"/><line number="214" hits="10"/><line number="215" hits="10"/><line number="216" hits="10"/><line number="217" hits="10"/><line number="218" hits="10"/><line number="219" hits="10"/><line number="220" hits="10"/><line number="221" hits="10"/><line number="222" hits="10"/><line number="223" hits="10"/><line number="224" hits="10"/><line number="225" hits="10"/><line number="226" hits="15"/><line number="227" hits="5"/><line number="232" hits="5"/><line number="236" hits="5"/><line number="241" hits="5"/><line number="242" hits="10"/><line number="245" hits="30"/><line number="247" hits="5"/><line number="253" hits="5"/><line number="255" hits="5"/><line number="258" hits="5"/><line number="264" hits="0"/><line number="265" hits="0"/><line number="266" hits="0"/><line number="267" hits="2"/><line number="268" hits="0"/><line number="269" hits="0"/><line number="270" hits="0"/><line number="271" hits="0"/><line number="272" hits="0"/><line number="273" hits="0"/><line number="274" hits="0"/><line number="275" hits="0"/><line number="276" hits="0"/><line number="277" hits="0"/><line number="278" hits="0"/><line number="279" hits="0"/><line number="280" hits="0"/><line number="281" hits="0"/><line number="282" hits="0"/><line number="283" hits="0"/><line number="284" hits="0"/><line number="286" hits="0"/></lines></class><class name="hooks" filename="src/hooks.rs" line-rate="0.6024096385542169" branch-rate="0" complexity="0"><methods/><lines><line number="16" hits="4"/><line number="17" hits="4"/><line number="21" hits="8"/><line number="33" hits="4"/><line number="41" hits="2"/><line number="42" hits="4"/><line number="60" hits="4"/><line number="61" hits="4"/><line number="62" hits="0"/><line number="69" hits="2"/><line number="70" hits="2"/><line number="71" hits="4"/><line number="74" hits="2"/><line number="75" hits="0"/><line number="79" hits="0"/><line number="80" hits="2"/><line number="85" hits="2"/><line number="89" hits="2"/><line number="90" hits="2"/><line number="94" hits="2"/><line number="95" hits="2"/><line number="99" hits="2"/><line number="100" hits="4"/><line number="104" hits="4"/><line number="106" hits="4"/><line number="111" hits="4"/><line number="116" hits="2"/><line number="120" hits="2"/><line number="121" hits="2"/><line number="141" hits="2"/><line number="142" hits="2"/><line number="148" hits="7"/><line number="149" hits="4"/><line number="154" hits="4"/><line number="155" hits="8"/><line number="156" hits="8"/><line number="159" hits="4"/><line number="162" hits="4"/><line number="164" hits="4"/><line number="165" hits="4"/><line number="167" hits="0"/><line number="168" hits="0"/><line number="173" hits="2"/><line number="174" hits="2"/><line number="180" hits="2"/><line number="188" hits="2"/><line number="194" hits="4"/><line number="199" hits="2"/><line number="200" hits="4"/><line number="201" hits="4"/><line number="202" hits="4"/><line number="203" hits="4"/><line number="206" hits="4"/><line number="207" hits="0"/><line number="208" hits="0"/><line number="211" hits="2"/><line number="235" hits="0"/><line number="236" hits="0"/><line number="237" hits="0"/><line number="241" hits="0"/><line number="242" hits="0"/><line number="243" hits="0"/><line number="247" hits="0"/><line number="248" hits="0"/><line number="250" hits="0"/><line number="253" hits="0"/><line number="254" hits="0"/><line number="255" hits="0"/><line number="256" hits="0"/><line number="259" hits="0"/><line number="261" hits="0"/><line number="262" hits="0"/><line number="266" hits="0"/><line number="267" hits="0"/><line number="268" hits="0"/><line number="272" hits="0"/><line number="277" hits="0"/><line number="278" hits="0"/><line number="279" hits="0"/><line number="299" hits="0"/><line number="300" hits="2"/><line number="301" hits="0"/><line number="303" hits="0"/></lines></class><class name="keybindings" filename="src/keybindings.rs" line-rate="0.8378378378378378" branch-rate="0" complexity="0"><methods/><lines><line number="95" hits="5"/><line number="101" hits="5"/><line number="102" hits="4"/><line number="106" hits="7"/><line number="108" hits="7"/><line number="109" hits="7"/><line number="116" hits="7"/><line number="117" hits="7"/><line number="120" hits="7"/><line number="121" hits="7"/><line number="122" hits="7"/><line number="125" hits="7"/><line number="126" hits="7"/><line number="127" hits="7"/><line number="128" hits="6"/><line number="131" hits="6"/><line number="132" hits="6"/><line number="133" hits="6"/><line number="136" hits="6"/><line number="137" hits="6"/><line number="138" hits="6"/><line number="139" hits="5"/><line number="144" hits="5"/><line number="145" hits="5"/><line number="149" hits="7"/><line number="157" hits="7"/><line number="174" hits="4"/><line number="175" hits="4"/><line number="176" hits="0"/><line number="180" hits="5"/><line number="185" hits="4"/><line number="186" hits="5"/><line number="194" hits="6"/><line number="195" hits="6"/><line number="196" hits="10"/><line number="197" hits="4"/><line number="205" hits="4"/><line number="207" hits="4"/><line number="208" hits="2"/><line number="209" hits="4"/><line number="210" hits="4"/><line number="211" hits="4"/><line number="212" hits="0"/><line number="213" hits="2"/><line number="214" hits="0"/><line number="216" hits="4"/><line number="217" hits="4"/><line number="219" hits="5"/><line number="220" hits="5"/><line number="221" hits="5"/><line number="228" hits="4"/><line number="229" hits="4"/><line number="239" hits="2"/><line number="240" hits="2"/><line number="243" hits="2"/><line number="247" hits="2"/><line number="250" hits="2"/><line number="251" hits="2"/><line number="255" hits="2"/><line number="258" hits="2"/><line number="261" hits="4"/><line number="270" hits="4"/><line number="275" hits="0"/><line number="276" hits="0"/><line number="278" hits="2"/><line number="281" hits="0"/><line number="284" hits="0"/><line number="290" hits="0"/><line number="291" hits="2"/><line number="295" hits="0"/><line number="296" hits="4"/><line number="301" hits="0"/><line number="316" hits="0"/><line number="329" hits="0"/></lines></class><class name="progress_bar" filename="src/progress_bar.rs" line-rate="0.8913043478260869" branch-rate="0" complexity="0"><methods/><lines><line number="34" hits="1"/><line number="45" hits="0"/><line number="46" hits="2"/><line number="49" hits="2"/><line number="51" hits="2"/><line number="55" hits="1"/><line number="56" hits="17"/><line number="57" hits="17"/><line number="58" hits="17"/><line number="60" hits="17"/><line number="64" hits="1"/><line number="65" hits="3"/><line number="67" hits="3"/><line number="69" hits="3"/><line number="73" hits="0"/><line number="74" hits="6"/><line number="75" hits="6"/><line number="77" hits="8"/><line number="78" hits="6"/><line number="86" hits="10"/><line number="91" hits="0"/><line number="92" hits="8"/><line number="97" hits="2"/><line number="98" hits="4"/><line number="99" hits="2"/><line number="101" hits="2"/><line number="116" hits="2"/><line number="117" hits="2"/><line number="120" hits="6"/><line number="124" hits="3"/><line number="126" hits="2"/><line number="131" hits="2"/><line number="133" hits="2"/><line number="134" hits="2"/><line number="151" hits="0"/><line number="157" hits="4"/><line number="158" hits="4"/><line number="160" hits="2"/><line number="161" hits="4"/><line number="162" hits="6"/><line number="163" hits="4"/><line number="165" hits="6"/><line number="166" hits="8"/><line number="167" hits="6"/><line number="173" hits="0"/><line number="174" hits="6"/></lines></class><class name="session" filename="src/session.rs" line-rate="0.8620689655172413" branch-rate="0" complexity="0"><methods/><lines><line number="32" hits="3"/><line number="33" hits="8"/><line number="35" hits="0"/><line number="36" hits="8"/><line number="38" hits="4"/><line number="47" hits="2"/><line number="48" hits="2"/><line number="49" hits="6"/><line number="51" hits="6"/><line number="63" hits="2"/><line number="64" hits="2"/><line number="65" hits="6"/><line number="67" hits="4"/><line number="77" hits="2"/><line number="80" hits="4"/><line number="81" hits="2"/><line number="82" hits="2"/><line number="84" hits="4"/><line number="85" hits="2"/><line number="86" hits="2"/><line number="94" hits="0"/><line number="96" hits="2"/><line number="103" hits="2"/><line number="104" hits="2"/><line number="105" hits="4"/><line number="122" hits="2"/><line number="124" hits="4"/><line number="128" hits="0"/><line number="129" hits="0"/></lines></class></classes></package><package name="src/config" line-rate="0.5961538461538461" branch-rate="0" complexity="0"><classes><class name="mod" filename="src/config/mod.rs" line-rate="0.5961538461538461" branch-rate="0" complexity="0"><methods/><lines><line number="43" hits="2"/><line number="44" hits="4"/><line number="45" hits="4"/><line number="46" hits="4"/><line number="47" hits="4"/><line number="48" hits="4"/><line number="49" hits="4"/><line number="50" hits="4"/><line number="51" hits="4"/><line number="53" hits="2"/><line number="54" hits="2"/><line number="55" hits="2"/><line number="56" hits="2"/><line number="59" hits="2"/><line number="61" hits="2"/><line number="64" hits="2"/><line number="66" hits="4"/><line number="67" hits="2"/><line number="69" hits="2"/><line number="71" hits="2"/><line number="74" hits="2"/><line number="76" hits="4"/><line number="77" hits="2"/><line number="79" hits="2"/><line number="81" hits="2"/><line number="84" hits="3"/><line number="85" hits="2"/><line number="86" hits="2"/><line number="87" hits="2"/><line number="88" hits="2"/><line number="89" hits="2"/><line number="90" hits="2"/><line number="91" hits="2"/><line number="92" hits="2"/><line number="93" hits="2"/><line number="94" hits="3"/><line number="95" hits="3"/><line number="230" hits="2"/><line number="231" hits="2"/><line number="232" hits="2"/><line number="233" hits="2"/><line number="235" hits="2"/><line number="236" hits="2"/><line number="238" hits="2"/><line number="239" hits="2"/><line number="241" hits="2"/><line number="242" hits="2"/><line number="244" hits="2"/><line number="245" hits="2"/><line number="247" hits="2"/><line number="248" hits="2"/><line number="255" hits="2"/><line number="265" hits="2"/><line number="279" hits="2"/><line number="280" hits="2"/><line number="284" hits="2"/><line number="286" hits="2"/><line number="287" hits="2"/><line number="290" hits="2"/><line number="295" hits="4"/><line number="297" hits="2"/><line number="298" hits="2"/><line number="299" hits="2"/><line number="306" hits="4"/><line number="307" hits="4"/><line number="308" hits="4"/><line number="309" hits="4"/><line number="311" hits="4"/><line number="312" hits="4"/><line number="314" hits="4"/><line number="315" hits="4"/><line number="317" hits="8"/><line number="318" hits="4"/><line number="319" hits="4"/><line number="320" hits="0"/><line number="321" hits="4"/><line number="322" hits="4"/><line number="324" hits="4"/><line number="325" hits="4"/><line number="332" hits="4"/><line number="339" hits="4"/><line number="347" hits="0"/><line number="359" hits="0"/><line number="372" hits="2"/><line number="373" hits="2"/><line number="374" hits="4"/><line number="375" hits="4"/><line number="376" hits="2"/><line number="377" hits="2"/><line number="380" hits="2"/><line number="381" hits="2"/><line number="382" hits="0"/><line number="383" hits="4"/><line number="389" hits="2"/><line number="390" hits="2"/><line number="391" hits="4"/><line number="392" hits="4"/><line number="393" hits="2"/><line number="394" hits="2"/><line number="395" hits="0"/><line number="396" hits="2"/><line number="397" hits="2"/><line number="398" hits="0"/><line number="399" hits="4"/><line number="400" hits="2"/><line number="401" hits="2"/><line number="408" hits="3"/><line number="409" hits="3"/><line number="411" hits="0"/><line number="412" hits="3"/><line number="414" hits="0"/><line number="415" hits="3"/><line number="417" hits="0"/><line number="418" hits="3"/><line number="420" hits="0"/><line number="421" hits="3"/><line number="423" hits="0"/><line number="425" hits="3"/><line number="426" hits="0"/><line number="428" hits="3"/><line number="431" hits="6"/><line number="432" hits="6"/><line number="434" hits="3"/><line number="437" hits="6"/><line number="438" hits="6"/><line number="440" hits="3"/><line number="443" hits="6"/><line number="444" hits="3"/><line number="445" hits="3"/><line number="446" hits="3"/><line number="447" hits="3"/><line number="448" hits="3"/><line number="449" hits="3"/><line number="450" hits="3"/><line number="451" hits="3"/><line number="457" hits="4"/><line number="474" hits="0"/><line number="475" hits="0"/><line number="476" hits="0"/><line number="477" hits="0"/><line number="478" hits="0"/><line number="479" hits="0"/><line number="480" hits="0"/><line number="481" hits="0"/><line number="482" hits="0"/><line number="483" hits="0"/><line number="484" hits="0"/><line number="485" hits="0"/><line number="486" hits="0"/><line number="487" hits="0"/><line number="488" hits="0"/><line number="489" hits="0"/><line number="490" hits="0"/><line number="491" hits="0"/><line number="492" hits="0"/><line number="493" hits="0"/><line number="494" hits="0"/><line number="495" hits="0"/><line number="496" hits="0"/><line number="497" hits="0"/><line number="498" hits="0"/><line number="499" hits="0"/><line number="500" hits="0"/><line number="501" hits="0"/><line number="502" hits="0"/><line number="503" hits="0"/><line number="504" hits="0"/><line number="505" hits="0"/><line number="511" hits="4"/><line number="534" hits="0"/><line number="535" hits="0"/><line number="536" hits="0"/><line number="537" hits="0"/><line number="538" hits="0"/><line number="539" hits="0"/><line number="540" hits="0"/><line number="541" hits="0"/><line number="542" hits="0"/><line number="543" hits="0"/><line number="544" hits="0"/><line number="545" hits="0"/><line number="546" hits="0"/><line number="547" hits="0"/><line number="548" hits="0"/><line number="549" hits="0"/><line number="550" hits="0"/><line number="551" hits="0"/><line number="552" hits="0"/><line number="553" hits="0"/><line number="554" hits="0"/><line number="555" hits="0"/><line number="556" hits="0"/><line number="557" hits="0"/><line number="558" hits="0"/><line number="559" hits="0"/><line number="560" hits="0"/><line number="561" hits="0"/><line number="562" hits="0"/><line number="563" hits="0"/><line number="564" hits="0"/><line number="565" hits="0"/><line number="566" hits="0"/><line number="567" hits="0"/><line number="568" hits="0"/><line number="569" hits="0"/><line number="570" hits="0"/><line number="571" hits="0"/><line number="572" hits="0"/><line number="573" hits="0"/><line number="574" hits="0"/><line number="575" hits="0"/><line number="576" hits="0"/><line number="577" hits="0"/><line number="578" hits="0"/><line number="579" hits="0"/><line number="580" hits="0"/><line number="581" hits="0"/><line number="582" hits="0"/><line number="583" hits="0"/><line number="593" hits="0"/><line number="594" hits="0"/><line number="596" hits="0"/><line number="597" hits="0"/><line number="599" hits="0"/><line number="616" hits="4"/><line number="617" hits="4"/><line number="619" hits="4"/><line number="623" hits="4"/><line number="624" hits="4"/><line number="625" hits="8"/><line number="629" hits="4"/><line number="630" hits="4"/><line number="634" hits="2"/><line number="638" hits="4"/><line number="639" hits="4"/><line number="640" hits="6"/><line number="645" hits="4"/><line number="646" hits="12"/><line number="651" hits="4"/><line number="652" hits="9"/><line number="654" hits="3"/><line number="657" hits="4"/><line number="658" hits="0"/><line number="660" hits="4"/><line number="663" hits="4"/><line number="664" hits="2"/><line number="669" hits="4"/><line number="670" hits="9"/><line number="672" hits="4"/><line number="675" hits="20"/><line number="676" hits="5"/><line number="677" hits="5"/><line number="678" hits="5"/><line number="679" hits="5"/><line number="681" hits="5"/><line number="689" hits="0"/><line number="690" hits="0"/><line number="692" hits="0"/><line number="697" hits="0"/><line number="716" hits="0"/></lines></class></classes></package><package name="src/ui" line-rate="0.676829268292683" branch-rate="0" complexity="0"><classes><class name="autocomplete" filename="src/ui/autocomplete.rs" line-rate="0.8" branch-rate="0" complexity="0"><methods/><lines><line number="116" hits="1"/><line number="117" hits="21"/><line number="122" hits="3"/><line number="136" hits="3"/><line number="137" hits="3"/><line number="141" hits="6"/><line number="144" hits="6"/><line number="146" hits="2"/><line number="147" hits="2"/><line number="154" hits="3"/><line number="157" hits="3"/><line number="158" hits="2"/><line number="166" hits="3"/><line number="167" hits="3"/><line number="169" hits="3"/><line number="176" hits="6"/><line number="177" hits="4"/><line number="184" hits="8"/><line number="185" hits="4"/><line number="193" hits="12"/><line number="194" hits="4"/><line number="195" hits="4"/><line number="196" hits="4"/><line number="197" hits="4"/><line number="211" hits="0"/><line number="212" hits="10"/><line number="216" hits="8"/><line number="217" hits="10"/><line number="222" hits="0"/><line number="223" hits="0"/><line number="227" hits="0"/><line number="228" hits="2"/><line number="232" hits="4"/><line number="242" hits="0"/><line number="244" hits="0"/><line number="248" hits="0"/><line number="259" hits="2"/><line number="261" hits="2"/><line number="263" hits="2"/><line number="268" hits="0"/></lines></class><class name="resource_monitor" filename="src/ui/resource_monitor.rs" line-rate="0.8421052631578947" branch-rate="0" complexity="0"><methods/><lines><line number="39" hits="3"/><line number="40" hits="3"/><line number="43" hits="3"/><line number="44" hits="3"/><line number="51" hits="3"/><line number="53" hits="7"/><line number="60" hits="9"/><line number="61" hits="5"/><line number="62" hits="5"/><line number="64" hits="5"/><line number="66" hits="3"/><line number="69" hits="6"/><line number="71" hits="0"/><line number="85" hits="3"/><line number="88" hits="3"/><line number="91" hits="3"/><line number="94" hits="9"/><line number="106" hits="3"/><line number="122" hits="7"/><line number="123" hits="4"/><line number="128" hits="3"/><line number="132" hits="3"/><line number="137" hits="7"/><line number="146" hits="0"/><line number="148" hits="4"/><line number="150" hits="4"/><line number="152" hits="4"/><line number="157" hits="12"/><line number="163" hits="3"/><line number="164" hits="4"/><line number="165" hits="4"/><line number="176" hits="0"/><line number="181" hits="0"/><line number="184" hits="0"/><line number="185" hits="22"/><line number="189" hits="22"/><line number="194" hits="0"/><line number="195" hits="2"/></lines></class><class name="themes" filename="src/ui/themes.rs" line-rate="0.5465116279069767" branch-rate="0" complexity="0"><methods/><lines><line number="69" hits="4"/><line number="72" hits="4"/><line number="90" hits="4"/><line number="101" hits="4"/><line number="115" hits="4"/><line number="118" hits="4"/><line number="136" hits="4"/><line number="147" hits="4"/><line number="161" hits="4"/><line number="164" hits="4"/><line number="182" hits="4"/><line number="193" hits="4"/><line number="207" hits="3"/><line number="209" hits="4"/><line number="210" hits="4"/><line number="211" hits="4"/><line number="212" hits="4"/><line number="217" hits="0"/><line number="218" hits="0"/><line number="236" hits="1"/><line number="237" hits="17"/><line number="238" hits="17"/><line number="251" hits="0"/><line number="252" hits="0"/><line number="255" hits="0"/><line number="256" hits="0"/><line number="259" hits="0"/><line number="260" hits="0"/><line number="261" hits="0"/><line number="263" hits="0"/><line number="267" hits="0"/><line number="268" hits="0"/><line number="272" hits="0"/><line number="276" hits="0"/><line number="277" hits="0"/><line number="278" hits="0"/><line number="281" hits="0"/><line number="282" hits="0"/><line number="283" hits="0"/><line number="284" hits="0"/><line number="285" hits="0"/><line number="286" hits="0"/><line number="288" hits="0"/><line number="290" hits="0"/><line number="301" hits="0"/><line number="302" hits="0"/><line number="303" hits="0"/><line number="304" hits="0"/><line number="309" hits="0"/><line number="315" hits="4"/><line number="318" hits="4"/><line number="324" hits="2"/><line number="325" hits="2"/><line number="326" hits="4"/><line number="327" hits="2"/><line number="335" hits="2"/><line number="336" hits="2"/><line number="337" hits="2"/><line number="341" hits="2"/><line number="344" hits="2"/><line number="346" hits="2"/><line number="348" hits="4"/><line number="350" hits="6"/><line number="351" hits="2"/><line number="356" hits="2"/><line number="357" hits="2"/><line number="358" hits="2"/><line number="362" hits="3"/><line number="364" hits="3"/><line number="365" hits="3"/><line number="366" hits="2"/><line number="371" hits="8"/><line number="372" hits="3"/><line number="377" hits="0"/><line number="378" hits="0"/><line number="379" hits="0"/><line number="386" hits="0"/><line number="387" hits="0"/><line number="392" hits="0"/><line number="393" hits="0"/><line number="395" hits="0"/><line number="396" hits="0"/><line number="405" hits="2"/><line number="406" hits="4"/><line number="407" hits="2"/><line number="412" hits="0"/></lines></class></classes></package><package name="src/shell" line-rate="0.9411764705882353" branch-rate="0" complexity="0"><classes><class name="mod" filename="src/shell/mod.rs" line-rate="0.9411764705882353" branch-rate="0" complexity="0"><methods/><lines><line number="24" hits="1"/><line number="25" hits="3"/><line number="39" hits="3"/><line number="55" hits="7"/><line number="57" hits="4"/><line number="59" hits="4"/><line number="60" hits="0"/><line number="64" hits="11"/><line number="65" hits="2"/><line number="68" hits="4"/><line number="70" hits="3"/><line number="73" hits="3"/><line number="74" hits="4"/><line number="76" hits="8"/><line number="80" hits="8"/><line number="82" hits="4"/><line number="83" hits="8"/><line number="84" hits="8"/><line number="85" hits="4"/><line number="97" hits="4"/><line number="98" hits="1"/><line number="99" hits="1"/><line number="102" hits="7"/><line number="104" hits="1"/><line number="105" hits="1"/><line number="106" hits="1"/><line number="108" hits="1"/><line number="110" hits="0"/><line number="111" hits="0"/><line number="114" hits="1"/><line number="119" hits="1"/><line number="120" hits="2"/><line number="140" hits="4"/><line number="142" hits="1"/><line number="143" hits="2"/><line number="144" hits="1"/><line number="146" hits="7"/><line number="148" hits="1"/><line number="149" hits="1"/><line number="150" hits="1"/><line number="152" hits="1"/><line number="154" hits="1"/><line number="156" hits="1"/><line number="157" hits="1"/><line number="172" hits="4"/><line number="173" hits="2"/><line number="175" hits="3"/><line number="181" hits="1"/><line number="183" hits="1"/><line number="190" hits="4"/><line number="191" hits="4"/></lines></class></classes></package><package name="src/gpu" line-rate="0" branch-rate="0" complexity="0"><classes></classes></package><package name="benches" line-rate="0" branch-rate="0" complexity="0"><classes></classes></package><package name="tests" line-rate="0" branch-rate="0" complexity="0"><classes></classes></package><package name="crates/cmdx/src" line-rate="0" branch-rate="0" complexity="0"><classes><class name="lib" filename="crates/cmdx/src/lib.rs" line-rate="0" branch-rate="0" complexity="0"><methods/><lines><line number="238" hits="0"/><line number="239" hits="0"/><line number="244" hits="0"/><line number="245" hits="0"/><line number="246" hits="0"/><line number="247" hits="0"/><line number="248" hits="0"/><line number="249" hits="0"/><line number="252" hits="0"/><line number="254" hits="0"/><line number="255" hits="0"/><line number="259" hits="0"/><line number="265" hits="0"/><line number="266" hits="0"/><line number="267" hits="0"/><line number="270" hits="0"/><line number="277" hits="0"/><line number="278" hits="0"/><line number="279" hits="0"/><line number="282" hits="0"/><line number="284" hits="0"/><line number="286" hits="0"/><line number="293" hits="0"/><line number="294" hits="0"/><line number="295" hits="0"/><line number="296" hits="0"/><line number="297" hits="0"/><line number="298" hits="0"/><line number="299" hits="0"/><line number="302" hits="0"/><line number="303" hits="0"/><line number="304" hits="0"/><line number="305" hits="0"/><line number="310" hits="0"/><line number="312" hits="0"/><line number="313" hits="0"/><line number="316" hits="0"/><line number="317" hits="0"/><line number="321" hits="0"/><line number="335" hits="0"/><line number="336" hits="0"/><line number="338" hits="0"/><line number="339" hits="0"/><line number="342" hits="0"/><line number="343" hits="0"/><line number="346" hits="0"/><line number="347" hits="0"/><line number="351" hits="0"/><line number="352" hits="0"/><line number="356" hits="0"/><line number="357" hits="0"/><line number="361" hits="0"/><line number="362" hits="0"/><line number="363" hits="0"/><line number="365" hits="0"/><line number="370" hits="0"/><line number="371" hits="0"/><line number="372" hits="0"/><line number="374" hits="0"/><line number="379" hits="0"/><line number="380" hits="0"/><line number="381" hits="0"/><line number="383" hits="0"/><line number="388" hits="0"/><line number="389" hits="0"/><line number="390" hits="0"/><line number="391" hits="0"/><line number="396" hits="0"/><line number="397" hits="0"/><line number="398" hits="0"/><line number="401" hits="0"/><line number="420" hits="0"/><line number="421" hits="0"/><line number="423" hits="0"/><line number="424" hits="0"/><line number="427" hits="0"/><line number="428" hits="0"/><line number="431" hits="0"/><line number="432" hits="0"/><line number="436" hits="0"/><line number="437" hits="0"/><line number="441" hits="0"/><line number="442" hits="0"/><line number="446" hits="0"/><line number="447" hits="0"/><line number="449" hits="0"/><line number="450" hits="0"/><line number="452" hits="0"/><line number="453" hits="0"/><line number="457" hits="0"/><line number="458" hits="0"/><line number="459" hits="0"/><line number="462" hits="0"/></lines></class></classes></package><package name="src/terminal" line-rate="0.13946869070208728" branch-rate="0" complexity="0"><classes><class name="ansi_parser" filename="src/terminal/ansi_parser.rs" line-rate="0.3535031847133758" branch-rate="0" complexity="0"><methods/><lines><line number="37" hits="0"/><line number="38" hits="16"/><line number="39" hits="0"/><line number="41" hits="0"/><line number="91" hits="0"/><line number="92" hits="5"/><line number="97" hits="3"/><line number="104" hits="4"/><line number="124" hits="0"/><line number="126" hits="4"/><line number="127" hits="2"/><line number="133" hits="0"/><line number="134" hits="0"/><line number="135" hits="0"/><line number="136" hits="0"/><line number="169" hits="4"/><line number="170" hits="3"/><line number="174" hits="3"/><line number="178" hits="3"/><line number="181" hits="6"/><line number="201" hits="2"/><line number="202" hits="2"/><line number="206" hits="2"/><line number="210" hits="2"/><line number="213" hits="4"/><line number="218" hits="0"/><line number="219" hits="38"/><line number="224" hits="31"/><line number="225" hits="15"/><line number="231" hits="10"/><line number="232" hits="0"/><line number="237" hits="3"/><line number="245" hits="3"/><line number="248" hits="3"/><line number="250" hits="2"/><line number="251" hits="2"/><line number="252" hits="2"/><line number="253" hits="0"/><line number="254" hits="0"/><line number="260" hits="5"/><line number="262" hits="5"/><line number="265" hits="5"/><line number="267" hits="15"/><line number="270" hits="5"/><line number="274" hits="3"/><line number="278" hits="3"/><line number="280" hits="3"/><line number="281" hits="3"/><line number="282" hits="0"/><line number="283" hits="0"/><line number="285" hits="3"/><line number="289" hits="3"/><line number="290" hits="3"/><line number="291" hits="3"/><line number="293" hits="9"/><line number="298" hits="0"/><line number="299" hits="0"/><line number="306" hits="0"/><line number="308" hits="0"/><line number="315" hits="0"/><line number="319" hits="0"/><line number="321" hits="0"/><line number="322" hits="0"/><line number="326" hits="0"/><line number="327" hits="0"/><line number="333" hits="0"/><line number="335" hits="0"/><line number="342" hits="0"/><line number="343" hits="0"/><line number="348" hits="0"/><line number="349" hits="0"/><line number="353" hits="0"/><line number="355" hits="0"/><line number="356" hits="0"/><line number="360" hits="0"/><line number="362" hits="0"/><line number="363" hits="0"/><line number="367" hits="0"/><line number="369" hits="0"/><line number="375" hits="0"/><line number="379" hits="0"/><line number="381" hits="0"/><line number="384" hits="0"/><line number="385" hits="0"/><line number="389" hits="2"/><line number="391" hits="2"/><line number="395" hits="2"/><line number="399" hits="0"/><line number="401" hits="0"/><line number="404" hits="0"/><line number="405" hits="0"/><line number="409" hits="0"/><line number="411" hits="0"/><line number="413" hits="0"/><line number="414" hits="0"/><line number="419" hits="0"/><line number="421" hits="0"/><line number="424" hits="0"/><line number="427" hits="0"/><line number="428" hits="0"/><line number="433" hits="0"/><line number="437" hits="0"/><line number="438" hits="0"/><line number="439" hits="0"/><line number="444" hits="0"/><line number="448" hits="3"/><line number="452" hits="6"/><line number="453" hits="6"/><line number="456" hits="3"/><line number="461" hits="0"/><line number="491" hits="0"/><line number="493" hits="0"/><line number="495" hits="0"/><line number="503" hits="0"/><line number="504" hits="0"/><line number="507" hits="0"/><line number="511" hits="0"/><line number="513" hits="0"/><line number="515" hits="0"/><line number="521" hits="0"/><line number="522" hits="0"/><line number="525" hits="0"/><line number="530" hits="0"/><line number="535" hits="0"/><line number="537" hits="0"/><line number="538" hits="0"/><line number="539" hits="0"/><line number="543" hits="2"/><line number="544" hits="2"/><line number="546" hits="2"/><line number="549" hits="4"/><line number="550" hits="4"/><line number="551" hits="2"/><line number="553" hits="2"/><line number="558" hits="2"/><line number="559" hits="2"/><line number="561" hits="2"/><line number="564" hits="4"/><line number="565" hits="2"/><line number="566" hits="2"/><line number="574" hits="6"/><line number="603" hits="2"/><line number="604" hits="2"/><line number="654" hits="3"/><line number="655" hits="3"/><line number="657" hits="6"/><line number="658" hits="3"/><line number="662" hits="3"/><line number="666" hits="3"/><line number="669" hits="3"/><line number="670" hits="3"/><line number="673" hits="0"/><line number="674" hits="0"/><line number="677" hits="0"/><line number="678" hits="0"/><line number="681" hits="3"/><line number="682" hits="3"/><line number="685" hits="0"/><line number="686" hits="0"/><line number="689" hits="0"/><line number="690" hits="0"/><line number="693" hits="0"/><line number="694" hits="0"/><line number="697" hits="0"/><line number="698" hits="0"/><line number="701" hits="0"/><line number="702" hits="0"/><line number="705" hits="2"/><line number="708" hits="0"/><line number="711" hits="0"/><line number="712" hits="0"/><line number="718" hits="0"/><line number="719" hits="0"/><line number="722" hits="0"/><line number="723" hits="0"/><line number="726" hits="0"/><line number="727" hits="0"/><line number="733" hits="0"/><line number="734" hits="0"/><line number="737" hits="0"/><line number="738" hits="0"/><line number="741" hits="0"/><line number="742" hits="0"/><line number="755" hits="3"/><line number="757" hits="3"/><line number="760" hits="2"/><line number="761" hits="4"/><line number="762" hits="2"/><line number="763" hits="4"/><line number="767" hits="0"/><line number="770" hits="2"/><line number="775" hits="3"/><line number="776" hits="3"/><line number="777" hits="3"/><line number="778" hits="11"/><line number="779" hits="5"/><line number="785" hits="0"/><line number="789" hits="0"/><line number="796" hits="0"/><line number="797" hits="0"/><line number="810" hits="0"/><line number="812" hits="0"/><line number="815" hits="0"/><line number="816" hits="0"/><line number="817" hits="0"/><line number="818" hits="0"/><line number="822" hits="0"/><line number="825" hits="0"/><line number="830" hits="0"/><line number="831" hits="0"/><line number="832" hits="0"/><line number="833" hits="0"/><line number="834" hits="0"/><line number="840" hits="0"/><line number="844" hits="0"/><line number="851" hits="0"/><line number="852" hits="0"/><line number="859" hits="2"/><line number="891" hits="0"/><line number="898" hits="3"/><line number="902" hits="3"/><line number="903" hits="3"/><line number="906" hits="3"/><line number="910" hits="3"/><line number="915" hits="2"/><line number="918" hits="2"/><line number="919" hits="4"/><line number="922" hits="2"/><line number="927" hits="2"/><line number="929" hits="2"/><line number="942" hits="0"/><line number="946" hits="0"/><line number="948" hits="0"/><line number="960" hits="0"/><line number="962" hits="0"/><line number="971" hits="0"/><line number="975" hits="0"/><line number="980" hits="0"/><line number="984" hits="0"/><line number="985" hits="0"/><line number="986" hits="0"/><line number="991" hits="0"/><line number="992" hits="0"/><line number="993" hits="0"/><line number="994" hits="0"/><line number="995" hits="0"/><line number="997" hits="0"/><line number="1000" hits="0"/><line number="1018" hits="3"/><line number="1027" hits="3"/><line number="1028" hits="3"/><line number="1029" hits="0"/><line number="1034" hits="3"/><line number="1036" hits="0"/><line number="1040" hits="3"/><line number="1044" hits="3"/><line number="1049" hits="0"/><line number="1054" hits="0"/><line number="1059" hits="0"/><line number="1064" hits="0"/><line number="1069" hits="0"/><line number="1070" hits="0"/><line number="1074" hits="0"/><line number="1076" hits="0"/><line number="1080" hits="0"/><line number="1082" hits="0"/><line number="1087" hits="0"/><line number="1095" hits="3"/><line number="1100" hits="0"/><line number="1102" hits="3"/><line number="1104" hits="0"/><line number="1106" hits="0"/><line number="1108" hits="3"/><line number="1118" hits="0"/><line number="1120" hits="2"/><line number="1121" hits="2"/><line number="1122" hits="0"/><line number="1123" hits="0"/><line number="1130" hits="0"/><line number="1135" hits="0"/><line number="1145" hits="0"/><line number="1150" hits="0"/><line number="1155" hits="3"/><line number="1159" hits="0"/><line number="1161" hits="0"/><line number="1162" hits="0"/><line number="1169" hits="0"/><line number="1170" hits="0"/><line number="1173" hits="0"/><line number="1176" hits="0"/><line number="1177" hits="0"/><line number="1178" hits="0"/><line number="1183" hits="0"/><line number="1188" hits="0"/><line number="1193" hits="0"/><line number="1198" hits="0"/><line number="1202" hits="0"/><line number="1205" hits="0"/><line number="1208" hits="0"/><line number="1209" hits="5"/><line number="1211" hits="0"/><line number="1227" hits="0"/><line number="1229" hits="0"/><line number="1231" hits="0"/><line number="1232" hits="0"/><line number="1237" hits="0"/><line number="1253" hits="0"/><line number="1254" hits="0"/><line number="1255" hits="0"/><line number="1256" hits="0"/><line number="1257" hits="0"/><line number="1264" hits="0"/><line number="1266" hits="0"/><line number="1267" hits="0"/></lines></class><class name="mod" filename="src/terminal/mod.rs" line-rate="0.04864864864864865" branch-rate="0" complexity="0"><methods/><lines><line number="210" hits="4"/><line number="211" hits="4"/><line number="212" hits="4"/><line number="222" hits="4"/><line number="223" hits="0"/><line number="224" hits="0"/><line number="225" hits="0"/><line number="226" hits="0"/><line number="230" hits="0"/><line number="232" hits="0"/><line number="233" hits="0"/><line number="237" hits="0"/><line number="240" hits="0"/><line number="241" hits="0"/><line number="242" hits="0"/><line number="246" hits="4"/><line number="250" hits="4"/><line number="251" hits="0"/><line number="253" hits="4"/><line number="257" hits="10"/><line number="260" hits="5"/><line number="261" hits="4"/><line number="262" hits="4"/><line number="263" hits="4"/><line number="265" hits="5"/><line number="266" hits="5"/><line number="267" hits="5"/><line number="268" hits="5"/><line number="281" hits="5"/><line number="285" hits="5"/><line number="288" hits="0"/><line number="291" hits="5"/><line number="294" hits="5"/><line number="297" hits="5"/><line number="298" hits="0"/><line number="299" hits="0"/><line number="309" hits="5"/><line number="314" hits="5"/><line number="402" hits="4"/><line number="439" hits="4"/><line number="440" hits="0"/><line number="444" hits="5"/><line number="446" hits="0"/><line number="447" hits="0"/><line number="448" hits="0"/><line number="449" hits="0"/><line number="450" hits="0"/><line number="451" hits="0"/><line number="453" hits="0"/><line number="454" hits="0"/><line number="461" hits="4"/><line number="462" hits="0"/><line number="463" hits="0"/><line number="467" hits="4"/><line number="488" hits="0"/><line number="489" hits="0"/><line number="493" hits="0"/><line number="494" hits="0"/><line number="496" hits="0"/><line number="505" hits="0"/><line number="506" hits="0"/><line number="507" hits="0"/><line number="508" hits="0"/><line number="509" hits="0"/><line number="511" hits="0"/><line number="512" hits="0"/><line number="513" hits="0"/><line number="516" hits="0"/><line number="517" hits="0"/><line number="522" hits="0"/><line number="530" hits="0"/><line number="539" hits="0"/><line number="540" hits="0"/><line number="546" hits="0"/><line number="549" hits="0"/><line number="552" hits="0"/><line number="553" hits="0"/><line number="557" hits="0"/><line number="565" hits="0"/><line number="566" hits="0"/><line number="570" hits="0"/><line number="571" hits="0"/><line number="572" hits="0"/><line number="575" hits="0"/><line number="580" hits="0"/><line number="583" hits="0"/><line number="585" hits="0"/><line number="586" hits="0"/><line number="592" hits="0"/><line number="593" hits="0"/><line number="596" hits="0"/><line number="600" hits="0"/><line number="601" hits="0"/><line number="602" hits="0"/><line number="603" hits="0"/><line number="604" hits="0"/><line number="606" hits="0"/><line number="609" hits="0"/><line number="613" hits="0"/><line number="614" hits="0"/><line number="615" hits="0"/><line number="616" hits="0"/><line number="619" hits="0"/><line number="621" hits="0"/><line number="623" hits="0"/><line number="624" hits="0"/><line number="625" hits="0"/><line number="628" hits="0"/><line number="631" hits="0"/><line number="633" hits="0"/><line number="634" hits="0"/><line number="635" hits="0"/><line number="640" hits="0"/><line number="645" hits="0"/><line number="646" hits="0"/><line number="647" hits="0"/><line number="648" hits="0"/><line number="649" hits="0"/><line number="652" hits="0"/><line number="655" hits="0"/><line number="660" hits="0"/><line number="662" hits="0"/><line number="663" hits="0"/><line number="664" hits="0"/><line number="670" hits="0"/><line number="671" hits="0"/><line number="673" hits="0"/><line number="678" hits="0"/><line number="682" hits="0"/><line number="686" hits="0"/><line number="687" hits="0"/><line number="691" hits="0"/><line number="692" hits="0"/><line number="694" hits="0"/><line number="695" hits="0"/><line number="696" hits="0"/><line number="697" hits="0"/><line number="699" hits="0"/><line number="700" hits="0"/><line number="702" hits="0"/><line number="704" hits="0"/><line number="705" hits="0"/><line number="706" hits="0"/><line number="707" hits="0"/><line number="709" hits="0"/><line number="712" hits="0"/><line number="713" hits="0"/><line number="714" hits="0"/><line number="715" hits="0"/><line number="720" hits="0"/><line number="724" hits="0"/><line number="726" hits="0"/><line number="730" hits="0"/><line number="739" hits="0"/><line number="740" hits="0"/><line number="744" hits="0"/><line number="745" hits="0"/><line number="749" hits="0"/><line number="752" hits="0"/><line number="753" hits="0"/><line number="839" hits="0"/><line number="845" hits="0"/><line number="846" hits="0"/><line number="847" hits="0"/><line number="849" hits="0"/><line number="1317" hits="0"/><line number="1318" hits="0"/><line number="1323" hits="0"/><line number="1327" hits="0"/><line number="1328" hits="0"/><line number="1329" hits="0"/><line number="1331" hits="0"/><line number="1332" hits="0"/><line number="1333" hits="0"/><line number="1334" hits="0"/><line number="1345" hits="0"/><line number="1346" hits="0"/><line number="1349" hits="0"/><line number="1352" hits="0"/><line number="1354" hits="0"/><line number="1355" hits="0"/><line number="1361" hits="0"/><line number="1364" hits="0"/><line number="1365" hits="0"/><line number="1372" hits="0"/><line number="1374" hits="0"/><line number="1382" hits="0"/><line number="1389" hits="0"/><line number="1390" hits="0"/><line number="1565" hits="0"/><line number="1567" hits="0"/><line number="1568" hits="0"/><line number="1569" hits="0"/><line number="1570" hits="0"/><line number="1571" hits="0"/><line number="1572" hits="0"/><line number="1573" hits="0"/><line number="1574" hits="0"/><line number="1575" hits="0"/><line number="1576" hits="0"/><line number="1577" hits="0"/><line number="1578" hits="0"/><line number="1585" hits="0"/><line number="1589" hits="0"/><line number="1593" hits="0"/><line number="1594" hits="0"/><line number="1596" hits="0"/><line number="1597" hits="0"/><line number="1603" hits="0"/><line number="1604" hits="0"/><line number="1609" hits="0"/><line number="1610" hits="0"/><line number="1615" hits="0"/><line number="1616" hits="0"/><line number="1622" hits="0"/><line number="1623" hits="0"/><line number="1624" hits="0"/><line number="1626" hits="0"/><line number="1632" hits="0"/><line number="1633" hits="0"/><line number="1634" hits="0"/><line number="1636" hits="0"/><line number="1642" hits="0"/><line number="1646" hits="0"/><line number="1647" hits="0"/><line number="1648" hits="0"/><line number="1656" hits="0"/><line number="1657" hits="0"/><line number="1658" hits="0"/><line number="1662" hits="0"/><line number="1664" hits="0"/><line number="1674" hits="0"/><line number="1675" hits="0"/><line number="1676" hits="0"/><line number="1680" hits="0"/><line number="1681" hits="0"/><line number="1682" hits="0"/><line number="1687" hits="0"/><line number="1688" hits="0"/><line number="1689" hits="0"/><line number="1693" hits="0"/><line number="1694" hits="0"/><line number="1695" hits="0"/><line number="1701" hits="0"/><line number="1702" hits="0"/><line number="1703" hits="0"/><line number="1704" hits="0"/><line number="1706" hits="0"/><line number="1712" hits="0"/><line number="1713" hits="0"/><line number="1714" hits="0"/><line number="1715" hits="0"/><line number="1717" hits="0"/><line number="1723" hits="0"/><line number="1724" hits="0"/><line number="1725" hits="0"/><line number="1731" hits="0"/><line number="1732" hits="0"/><line number="1733" hits="0"/><line number="1740" hits="0"/><line number="1741" hits="0"/><line number="1742" hits="0"/><line number="1743" hits="0"/><line number="1751" hits="0"/><line number="1752" hits="0"/><line number="1758" hits="0"/><line number="1765" hits="0"/><line number="1767" hits="0"/><line number="1768" hits="0"/><line number="1770" hits="0"/><line number="1782" hits="0"/><line number="1785" hits="0"/><line number="1788" hits="0"/><line number="1789" hits="0"/><line number="1790" hits="0"/><line number="1791" hits="0"/><line number="1796" hits="0"/><line number="1800" hits="0"/><line number="1802" hits="0"/><line number="1803" hits="0"/><line number="1804" hits="0"/><line number="1806" hits="0"/><line number="1813" hits="0"/><line number="1814" hits="0"/><line number="1819" hits="0"/><line number="1821" hits="0"/><line number="1823" hits="0"/><line number="1824" hits="0"/><line number="1828" hits="0"/><line number="1829" hits="0"/><line number="1830" hits="0"/><line number="1833" hits="0"/><line number="1834" hits="0"/><line number="1842" hits="0"/><line number="1847" hits="0"/><line number="1849" hits="0"/><line number="1853" hits="0"/><line number="1854" hits="0"/><line number="1859" hits="0"/><line number="1864" hits="0"/><line number="1870" hits="0"/><line number="1871" hits="0"/><line number="1872" hits="0"/><line number="1874" hits="0"/><line number="1878" hits="0"/><line number="1879" hits="0"/><line number="1880" hits="0"/><line number="1882" hits="0"/><line number="1886" hits="0"/><line number="1887" hits="0"/><line number="1891" hits="0"/><line number="1892" hits="0"/><line number="1903" hits="0"/><line number="1904" hits="0"/><line number="1906" hits="0"/><line number="1909" hits="0"/><line number="1912" hits="0"/><line number="1913" hits="0"/><line number="1914" hits="0"/><line number="1915" hits="0"/><line number="1916" hits="0"/><line number="1923" hits="0"/><line number="1926" hits="0"/><line number="1927" hits="0"/><line number="1929" hits="0"/><line number="1934" hits="0"/><line number="1942" hits="0"/><line number="1943" hits="0"/><line number="1954" hits="0"/><line number="1965" hits="0"/><line number="1966" hits="0"/><line number="1967" hits="0"/><line number="1968" hits="0"/><line number="1969" hits="0"/><line number="1970" hits="0"/><line number="1976" hits="0"/><line number="1977" hits="0"/><line number="1979" hits="0"/><line number="1981" hits="0"/><line number="1982" hits="0"/><line number="1987" hits="0"/><line number="1988" hits="0"/><line number="1990" hits="0"/><line number="1992" hits="0"/><line number="1993" hits="0"/><line number="1997" hits="0"/><line number="2002" hits="0"/><line number="2003" hits="0"/><line number="2009" hits="0"/><line number="2010" hits="0"/><line number="2011" hits="0"/><line number="2012" hits="0"/><line number="2013" hits="0"/><line number="2016" hits="0"/><line number="2017" hits="0"/><line number="2020" hits="0"/><line number="2021" hits="0"/><line number="2025" hits="0"/><line number="2032" hits="0"/><line number="2033" hits="0"/><line number="2035" hits="0"/><line number="2040" hits="0"/><line number="2041" hits="0"/><line number="2045" hits="0"/><line number="2049" hits="0"/><line number="2050" hits="0"/><line number="2056" hits="0"/><line number="2057" hits="0"/><line number="2058" hits="0"/><line number="2059" hits="0"/><line number="2063" hits="0"/><line number="2064" hits="0"/><line number="2079" hits="0"/><line number="2081" hits="0"/><line number="2088" hits="0"/><line number="2090" hits="0"/><line number="2094" hits="0"/><line number="2099" hits="0"/><line number="2104" hits="0"/><line number="2110" hits="0"/><line number="2112" hits="0"/><line number="2113" hits="0"/><line number="2114" hits="0"/><line number="2115" hits="0"/><line number="2116" hits="0"/><line number="2117" hits="0"/><line number="2120" hits="0"/><line number="2122" hits="0"/><line number="2123" hits="0"/><line number="2138" hits="0"/><line number="2142" hits="0"/><line number="2143" hits="0"/><line number="2144" hits="0"/><line number="2164" hits="0"/><line number="2180" hits="0"/><line number="2185" hits="0"/><line number="2187" hits="0"/><line number="2203" hits="0"/><line number="2210" hits="0"/><line number="2211" hits="0"/><line number="2214" hits="0"/><line number="2217" hits="0"/><line number="2221" hits="0"/><line number="2222" hits="0"/><line number="2226" hits="0"/><line number="2227" hits="0"/><line number="2231" hits="0"/><line number="2232" hits="0"/><line number="2236" hits="0"/><line number="2241" hits="0"/><line number="2244" hits="0"/><line number="2253" hits="0"/><line number="2256" hits="0"/><line number="2258" hits="0"/><line number="2262" hits="0"/><line number="2265" hits="0"/><line number="2266" hits="0"/><line number="2268" hits="0"/><line number="2269" hits="0"/><line number="2275" hits="0"/><line number="2288" hits="0"/><line number="2290" hits="0"/><line number="2300" hits="0"/><line number="2301" hits="0"/><line number="2303" hits="0"/><line number="2308" hits="0"/><line number="2312" hits="0"/><line number="2316" hits="0"/><line number="2317" hits="0"/><line number="2318" hits="0"/><line number="2320" hits="0"/><line number="2325" hits="0"/><line number="2330" hits="0"/><line number="2332" hits="0"/><line number="2339" hits="0"/><line number="2341" hits="0"/><line number="2342" hits="0"/><line number="2346" hits="0"/><line number="2349" hits="0"/><line number="2350" hits="0"/><line number="2356" hits="0"/><line number="2357" hits="0"/><line number="2359" hits="0"/><line number="2363" hits="0"/><line number="2367" hits="0"/><line number="2375" hits="0"/><line number="2377" hits="0"/><line number="2381" hits="0"/><line number="2390" hits="0"/><line number="2391" hits="0"/><line number="2410" hits="0"/><line number="2416" hits="0"/><line number="2424" hits="0"/><line number="2428" hits="0"/><line number="2429" hits="0"/><line number="2441" hits="0"/><line number="2442" hits="0"/><line number="2446" hits="0"/><line number="2457" hits="0"/><line number="2474" hits="0"/><line number="2485" hits="0"/><line number="2487" hits="0"/><line number="2493" hits="0"/><line number="2495" hits="0"/><line number="2508" hits="0"/><line number="2512" hits="0"/><line number="2515" hits="0"/><line number="2519" hits="0"/><line number="2523" hits="0"/><line number="2527" hits="0"/><line number="2531" hits="0"/><line number="2536" hits="0"/><line number="2538" hits="0"/><line number="2539" hits="0"/><line number="2540" hits="0"/><line number="2544" hits="0"/><line number="2545" hits="0"/><line number="2546" hits="0"/><line number="2550" hits="0"/><line number="2556" hits="2"/><line number="2557" hits="2"/><line number="2561" hits="2"/><line number="2567" hits="2"/><line number="2571" hits="0"/><line number="2572" hits="2"/><line number="2576" hits="0"/><line number="2577" hits="0"/><line number="2581" hits="0"/><line number="2584" hits="0"/><line number="2586" hits="0"/><line number="2588" hits="0"/><line number="2589" hits="0"/><line number="2593" hits="0"/><line number="2596" hits="0"/><line number="2600" hits="0"/><line number="2601" hits="0"/><line number="2621" hits="0"/><line number="2627" hits="0"/><line number="2628" hits="0"/><line number="2633" hits="0"/><line number="2634" hits="0"/><line number="2640" hits="0"/><line number="2641" hits="0"/><line number="2644" hits="0"/><line number="2664" hits="0"/><line number="2673" hits="0"/><line number="2674" hits="0"/><line number="2676" hits="0"/><line number="2677" hits="0"/><line number="2681" hits="0"/><line number="2684" hits="0"/><line number="2687" hits="0"/><line number="2688" hits="0"/><line number="2693" hits="0"/><line number="2700" hits="0"/><line number="2703" hits="0"/><line number="2704" hits="0"/><line number="2709" hits="0"/><line number="2710" hits="0"/><line number="2717" hits="0"/><line number="2718" hits="0"/><line number="2719" hits="0"/><line number="2720" hits="0"/><line number="2721" hits="0"/><line number="2732" hits="0"/><line number="2733" hits="0"/><line number="2734" hits="0"/><line number="2737" hits="0"/><line number="2738" hits="0"/><line number="2739" hits="0"/><line number="2742" hits="0"/><line number="2743" hits="0"/><line number="2750" hits="0"/><line number="2755" hits="0"/><line number="2756" hits="0"/><line number="2757" hits="0"/><line number="2759" hits="0"/><line number="2760" hits="0"/><line number="2768" hits="0"/><line number="2769" hits="0"/><line number="2770" hits="0"/><line number="2773" hits="0"/><line number="2778" hits="0"/><line number="2782" hits="0"/><line number="2783" hits="0"/><line number="2784" hits="0"/><line number="2785" hits="0"/><line number="2786" hits="0"/><line number="2791" hits="0"/><line number="2794" hits="0"/><line number="2795" hits="0"/><line number="2797" hits="0"/><line number="2800" hits="0"/><line number="2801" hits="0"/><line number="2806" hits="0"/><line number="2807" hits="0"/><line number="2809" hits="0"/><line number="2812" hits="0"/><line number="2813" hits="0"/><line number="2819" hits="0"/><line number="2820" hits="0"/><line number="2824" hits="0"/><line number="2830" hits="0"/><line number="2834" hits="0"/><line number="2835" hits="0"/><line number="2838" hits="0"/><line number="2839" hits="0"/><line number="2849" hits="0"/><line number="2856" hits="0"/><line number="2861" hits="0"/><line number="2863" hits="0"/><line number="2864" hits="0"/><line number="2865" hits="0"/><line number="2868" hits="0"/><line number="2869" hits="0"/><line number="2870" hits="0"/><line number="2872" hits="0"/><line number="2874" hits="0"/><line number="2875" hits="0"/><line number="2886" hits="0"/><line number="2887" hits="0"/><line number="2888" hits="0"/><line number="2892" hits="0"/><line number="2893" hits="0"/><line number="2894" hits="0"/><line number="2902" hits="0"/><line number="2903" hits="0"/><line number="2904" hits="0"/><line number="2908" hits="0"/><line number="2909" hits="0"/><line number="2917" hits="0"/><line number="2918" hits="0"/><line number="2922" hits="0"/><line number="2923" hits="0"/><line number="2924" hits="0"/><line number="2926" hits="0"/><line number="2927" hits="0"/><line number="2928" hits="0"/><line number="2934" hits="0"/><line number="2937" hits="0"/><line number="2949" hits="0"/><line number="2961" hits="0"/><line number="2962" hits="0"/><line number="2964" hits="0"/><line number="2967" hits="0"/><line number="2968" hits="0"/><line number="2978" hits="0"/><line number="2979" hits="0"/><line number="2982" hits="0"/><line number="2990" hits="0"/><line number="2991" hits="0"/><line number="2997" hits="0"/><line number="2998" hits="0"/><line number="3000" hits="0"/><line number="3003" hits="0"/><line number="3004" hits="0"/><line number="3008" hits="0"/><line number="3010" hits="0"/><line number="3022" hits="0"/><line number="3025" hits="0"/><line number="3027" hits="0"/><line number="3031" hits="0"/><line number="3035" hits="0"/><line number="3050" hits="0"/><line number="3051" hits="0"/><line number="3056" hits="0"/><line number="3064" hits="0"/><line number="3065" hits="0"/><line number="3066" hits="0"/><line number="3068" hits="0"/><line number="3072" hits="0"/><line number="3073" hits="0"/><line number="3076" hits="0"/><line number="3077" hits="0"/><line number="3078" hits="0"/><line number="3081" hits="0"/><line number="3082" hits="0"/><line number="3086" hits="0"/><line number="3087" hits="0"/><line number="3095" hits="0"/><line number="3124" hits="2"/><line number="3138" hits="2"/><line number="3152" hits="2"/><line number="3166" hits="0"/><line number="3173" hits="0"/><line number="3174" hits="0"/><line number="3176" hits="0"/><line number="3177" hits="0"/><line number="3178" hits="0"/><line number="3179" hits="0"/><line number="3180" hits="0"/><line number="3185" hits="0"/><line number="3189" hits="0"/><line number="3190" hits="0"/><line number="3193" hits="0"/><line number="3196" hits="0"/><line number="3199" hits="0"/><line number="3204" hits="0"/><line number="3208" hits="0"/><line number="3211" hits="0"/><line number="3212" hits="0"/><line number="3214" hits="0"/><line number="3215" hits="0"/><line number="3216" hits="0"/><line number="3222" hits="0"/><line number="3229" hits="0"/><line number="3230" hits="0"/><line number="3231" hits="0"/><line number="3233" hits="0"/><line number="3243" hits="0"/><line number="3244" hits="0"/><line number="3250" hits="0"/><line number="3256" hits="0"/><line number="3259" hits="0"/><line number="3273" hits="0"/><line number="3276" hits="0"/><line number="3277" hits="0"/><line number="3278" hits="0"/><line number="3279" hits="0"/><line number="3280" hits="0"/><line number="3282" hits="0"/><line number="3290" hits="0"/><line number="3292" hits="0"/><line number="3299" hits="0"/><line number="3301" hits="0"/><line number="3305" hits="0"/><line number="3306" hits="0"/><line number="3308" hits="0"/><line number="3309" hits="0"/><line number="3314" hits="0"/><line number="3320" hits="0"/><line number="3328" hits="0"/><line number="3334" hits="0"/><line number="3341" hits="0"/><line number="3342" hits="0"/><line number="3344" hits="0"/><line number="3345" hits="0"/><line number="3348" hits="0"/><line number="3349" hits="0"/><line number="3358" hits="0"/><line number="3359" hits="0"/><line number="3361" hits="0"/><line number="3368" hits="0"/><line number="3369" hits="0"/><line number="3370" hits="0"/><line number="3371" hits="0"/><line number="3373" hits="0"/><line number="3374" hits="0"/><line number="3375" hits="0"/><line number="3382" hits="0"/><line number="3383" hits="0"/><line number="3395" hits="0"/><line number="3396" hits="0"/><line number="3397" hits="0"/><line number="3398" hits="0"/><line number="3401" hits="0"/><line number="3409" hits="0"/><line number="3410" hits="0"/><line number="3415" hits="0"/><line number="3420" hits="0"/><line number="3424" hits="0"/><line number="3425" hits="0"/><line number="3426" hits="0"/><line number="3431" hits="0"/><line number="3440" hits="0"/><line number="3442" hits="0"/><line number="3450" hits="0"/><line number="3451" hits="0"/><line number="3460" hits="0"/><line number="3465" hits="0"/><line number="3466" hits="0"/><line number="3467" hits="0"/><line number="3468" hits="0"/><line number="3469" hits="0"/><line number="3470" hits="0"/><line number="3478" hits="0"/><line number="3487" hits="0"/><line number="3488" hits="0"/><line number="3490" hits="0"/><line number="3491" hits="0"/></lines></class></classes></package></packages></coverage>